c:\users\jfawc\desktop\xmldocument\xmlparser\debug\vc140.pdb
c:\users\jfawc\desktop\xmldocument\xmlparser\debug\vc140.idb
c:\users\jfawc\desktop\xmldocument\xmlparser\debug\utilities.obj
c:\users\jfawc\desktop\xmldocument\xmlparser\debug\xmldocument.obj
c:\users\jfawc\desktop\xmldocument\xmlparser\debug\tokenizer.obj
c:\users\jfawc\desktop\xmldocument\xmlparser\debug\xmlelementparts.obj
c:\users\jfawc\desktop\xmldocument\xmlparser\debug\xmlelement.obj
c:\users\jfawc\desktop\xmldocument\xmlparser\debug\xmlparser.obj
c:\users\jfawc\desktop\xmldocument\debug\xmlparser.ilk
c:\users\jfawc\desktop\xmldocument\debug\xmlparser.exe
c:\users\jfawc\desktop\xmldocument\debug\xmlparser.pdb
c:\users\jfawc\desktop\xmldocument\debug\xmlparser.lib
c:\users\jfawc\desktop\xmldocument\debug\xmlparser.exp
c:\users\jfawc\desktop\xmldocument\xmlparser\debug\xmlparser.tlog\cl.command.1.tlog
c:\users\jfawc\desktop\xmldocument\xmlparser\debug\xmlparser.tlog\cl.read.1.tlog
c:\users\jfawc\desktop\xmldocument\xmlparser\debug\xmlparser.tlog\cl.write.1.tlog
c:\users\jfawc\desktop\xmldocument\xmlparser\debug\xmlparser.tlog\link.command.1.tlog
c:\users\jfawc\desktop\xmldocument\xmlparser\debug\xmlparser.tlog\link.read.1.tlog
c:\users\jfawc\desktop\xmldocument\xmlparser\debug\xmlparser.tlog\link.write.1.tlog
c:\users\jfawc\desktop\xmldocument\xmlparser\debug\xmlparser.tlog\xmlparser.write.1u.tlog
